<?xml version="1.0" encoding="UTF-8"?>
<!-- Generated by org.testng.reporters.JUnitXMLReporter -->
<testsuite ignored="0" hostname="DESKTOP-S4R1TNB" failures="0" tests="8" name="TestClassGrouping" time="0.077" errors="0" timestamp="2022-02-18T00:30:26 IST">
  <testcase classname="groups.Group3" name="m" time="0.009"/>
  <testcase classname="groups.Group3" name="n" time="0.001"/>
  <testcase classname="groups.Group3" name="o" time="0.001"/>
  <testcase classname="groups.Group3" name="p" time="0.001"/>
  <testcase classname="groups.Group3" name="q" time="0.001"/>
  <testcase classname="groups.Group5" name="l" time="0.001"/>
  <testcase classname="groups.Group5" name="m" time="0.002"/>
  <testcase classname="groups.Group5" name="n" time="0.001"/>
</testsuite> <!-- TestClassGrouping -->
