<?xml version="1.0" encoding="UTF-8"?>
<!-- Generated by org.testng.reporters.JUnitXMLReporter -->
<testsuite ignored="0" hostname="DESKTOP-S4R1TNB" failures="3" tests="3" name="ScreenShotTest" time="101.3" errors="0" timestamp="2022-06-06T00:15:24 IST">
  <testcase classname="actiTimeTest.ScreenShot2" name="SS" time="0.054">
    <failure type="java.lang.AssertionError" message="expected [true] but found [false]">
      <![CDATA[java.lang.AssertionError: expected [true] but found [false]
at actiTimeTest.ScreenShot2.SS(ScreenShot2.java:29)
at java.base/java.util.ArrayList.forEach(ArrayList.java:1511)
... Removed 33 stack frames]]>
    </failure>
  </testcase> <!-- SS -->
  <testcase classname="actiTimeTest.ScreenShot2" name="SS1" time="0.001">
    <failure type="java.lang.AssertionError" message="expected [true] but found [false]">
      <![CDATA[java.lang.AssertionError: expected [true] but found [false]
at actiTimeTest.ScreenShot2.SS1(ScreenShot2.java:33)
at java.base/java.util.ArrayList.forEach(ArrayList.java:1511)
... Removed 33 stack frames]]>
    </failure>
  </testcase> <!-- SS1 -->
  <testcase classname="actiTimeTest.ScreenShot2" name="SS2" time="0.001">
    <failure type="java.lang.AssertionError" message="expected [true] but found [false]">
      <![CDATA[java.lang.AssertionError: expected [true] but found [false]
at actiTimeTest.ScreenShot2.SS2(ScreenShot2.java:37)
at java.base/java.util.ArrayList.forEach(ArrayList.java:1511)
... Removed 33 stack frames]]>
    </failure>
  </testcase> <!-- SS2 -->
</testsuite> <!-- ScreenShotTest -->
