<?xml version="1.0" encoding="UTF-8"?>
<!-- Generated by org.testng.reporters.JUnitXMLReporter -->
<testsuite ignored="4" hostname="DESKTOP-S4R1TNB" failures="0" tests="4" name="TestGroup3" time="0.055" errors="0" timestamp="2022-02-28T18:32:11 IST">
  <testcase classname="groups.Group3" name="m" time="0.009"/>
  <testcase classname="groups.Group3" name="q" time="0.001"/>
  <testcase classname="groups.Group4" name="y" time="0.001"/>
  <testcase classname="groups.Group4" name="z" time="0.001"/>
  <testcase classname="groups.Group4" name="x" time="0.0">
    <ignored/>
  </testcase> <!-- x -->
  <testcase classname="groups.Group3" name="o" time="0.0">
    <ignored/>
  </testcase> <!-- o -->
  <testcase classname="groups.Group3" name="n" time="0.0">
    <ignored/>
  </testcase> <!-- n -->
  <testcase classname="groups.Group3" name="p" time="0.0">
    <ignored/>
  </testcase> <!-- p -->
</testsuite> <!-- TestGroup3 -->
