<?xml version="1.0" encoding="UTF-8"?>
<!-- Generated by org.testng.reporters.JUnitXMLReporter -->
<testsuite ignored="0" hostname="DESKTOP-S4R1TNB" failures="0" tests="19" name="Test123" time="70.927" errors="0" timestamp="2022-03-22T14:05:39 IST">
  <testcase classname="testNG.Keywords2" name="pqr" time="0.007"/>
  <testcase classname="testNG.Keywords2" name="xyz" time="0.001"/>
  <testcase classname="testNG.Keywords2" name="xyz" time="0.0"/>
  <testcase classname="testNG.Keywords2" name="xyz" time="0.001"/>
  <testcase classname="testNG.Keywords2" name="xyz" time="0.001"/>
  <testcase classname="testNG.Keywords2" name="xyz" time="0.002"/>
  <testcase classname="testNG.Keywords2" name="lmn" time="0.001"/>
  <testcase classname="testNG.Keywords2" name="stu" time="0.001"/>
  <testcase classname="testNG.Keywords" name="abc" time="0.0"/>
  <testcase classname="testNG.Keywords" name="def" time="0.001"/>
  <testcase classname="testNG.Keywords" name="mno" time="0.0"/>
  <testcase classname="testNG.Keywords" name="pqr" time="0.0"/>
  <testcase classname="testNG.Keywords" name="xyz" time="0.001"/>
  <testcase classname="testNG.Keywords1" name="xyz" time="0.001"/>
  <testcase classname="testNG.Keywords1" name="pqr" time="0.001"/>
  <testcase classname="testNG.Keywords1" name="lmn" time="0.001"/>
  <testcase classname="testNG.Keywords1" name="stu" time="0.001"/>
  <testcase classname="testNG.Assignment" name="title" time="0.001"/>
  <testcase classname="testNG.Annotations" name="verifylogo" time="29.039"/>
</testsuite> <!-- Test123 -->
