<?xml version="1.0" encoding="UTF-8"?>
<!-- Generated by org.testng.reporters.JUnitXMLReporter -->
<testsuite ignored="0" hostname="DESKTOP-S4R1TNB" failures="0" tests="5" name="TestTestGroup1" time="0.061" errors="0" timestamp="2022-03-02T19:37:38 IST">
  <testcase classname="groups.TestGroup1" name="m" time="0.01"/>
  <testcase classname="groups.TestGroup1" name="n" time="0.001"/>
  <testcase classname="groups.TestGroup1" name="o" time="0.001"/>
  <testcase classname="groups.TestGroup1" name="p" time="0.0"/>
  <testcase classname="groups.TestGroup1" name="q" time="0.001"/>
</testsuite> <!-- TestTestGroup1 -->
